--------------------
./configure --prefix=/home/isaac/src/superstruct/qemu/wasm-deps/target --static
Tue Sep  2 20:26:20 NZST 2025
=== ztest47708.c ===
extern int getchar();
int hello() {return getchar();}
===
/home/linuxbrew/.linuxbrew/Cellar/emscripten/4.0.13/libexec/emcc -c ztest47708.c
... using gcc

Checking for obsessive-compulsive compiler options...
=== ztest47708.c ===
int foo() { return 0; }
===
/home/linuxbrew/.linuxbrew/Cellar/emscripten/4.0.13/libexec/emcc -c -O3 ztest47708.c

Building static library libz.a version 1.3.1 with /home/linuxbrew/.linuxbrew/Cellar/emscripten/4.0.13/libexec/emcc.

=== ztest47708.c ===
#include <stdio.h>
#include <stdlib.h>
size_t dummy = 0;
===
/home/linuxbrew/.linuxbrew/Cellar/emscripten/4.0.13/libexec/emcc -c -O3 ztest47708.c
Checking for size_t... Yes.

=== ztest47708.c ===
#include <sys/types.h>
off64_t dummy = 0;
===
/home/linuxbrew/.linuxbrew/Cellar/emscripten/4.0.13/libexec/emcc -c -O3 -D_LARGEFILE64_SOURCE=1 ztest47708.c
Checking for off64_t... Yes.
Checking for fseeko... Yes.

=== ztest47708.c ===
#include <string.h>
#include <errno.h>
int main() { return strlen(strerror(errno)); }
===
/home/linuxbrew/.linuxbrew/Cellar/emscripten/4.0.13/libexec/emcc -O3 -D_LARGEFILE64_SOURCE=1 -o ztest47708 ztest47708.c
cache:INFO: generating system library: sysroot/lib/wasm32-emscripten/libstubs.a... (this will be cached in "/home/linuxbrew/.linuxbrew/Cellar/emscripten/4.0.13/libexec/cache/sysroot/lib/wasm32-emscripten/libstubs.a" for subsequent builds)
system_libs:INFO: compiled 2 inputs in 0.17s
cache:INFO:  - ok
cache:INFO: generating system library: sysroot/lib/wasm32-emscripten/libc.a... (this will be cached in "/home/linuxbrew/.linuxbrew/Cellar/emscripten/4.0.13/libexec/cache/sysroot/lib/wasm32-emscripten/libc.a" for subsequent builds)
system_libs:INFO: compiled 1045 inputs in 2.18s
cache:INFO:  - ok
cache:INFO: generating system library: sysroot/lib/wasm32-emscripten/libdlmalloc.a... (this will be cached in "/home/linuxbrew/.linuxbrew/Cellar/emscripten/4.0.13/libexec/cache/sysroot/lib/wasm32-emscripten/libdlmalloc.a" for subsequent builds)
system_libs:INFO: compiled 2 inputs in 0.40s
cache:INFO:  - ok
cache:INFO: generating system library: sysroot/lib/wasm32-emscripten/libc++-noexcept.a... (this will be cached in "/home/linuxbrew/.linuxbrew/Cellar/emscripten/4.0.13/libexec/cache/sysroot/lib/wasm32-emscripten/libc++-noexcept.a" for subsequent builds)
system_libs:INFO: compiled 56 inputs in 4.24s
cache:INFO:  - ok
cache:INFO: generating system library: sysroot/lib/wasm32-emscripten/libc++abi-noexcept.a... (this will be cached in "/home/linuxbrew/.linuxbrew/Cellar/emscripten/4.0.13/libexec/cache/sysroot/lib/wasm32-emscripten/libc++abi-noexcept.a" for subsequent builds)
system_libs:INFO: compiled 16 inputs in 1.54s
cache:INFO:  - ok
Checking for strerror... Yes.

=== ztest47708.c ===
#include <unistd.h>
int main() { return 0; }
===
/home/linuxbrew/.linuxbrew/Cellar/emscripten/4.0.13/libexec/emcc -c -O3 -D_LARGEFILE64_SOURCE=1 ztest47708.c
Checking for unistd.h... Yes.

=== ztest47708.c ===
#include <stdarg.h>
int main() { return 0; }
===
/home/linuxbrew/.linuxbrew/Cellar/emscripten/4.0.13/libexec/emcc -c -O3 -D_LARGEFILE64_SOURCE=1 ztest47708.c
Checking for stdarg.h... Yes.

=== ztest47708.c ===
#include <stdio.h>
#include <stdarg.h>
#include "zconf.h"
int main()
{
#ifndef STDC
  choke me
#endif
  return 0;
}
===
/home/linuxbrew/.linuxbrew/Cellar/emscripten/4.0.13/libexec/emcc -c -O3 -D_LARGEFILE64_SOURCE=1 ztest47708.c
Checking whether to use vs[n]printf() or s[n]printf()... using vs[n]printf().

=== ztest47708.c ===
#include <stdio.h>
#include <stdarg.h>
int mytest(const char *fmt, ...)
{
  char buf[20];
  va_list ap;
  va_start(ap, fmt);
  vsnprintf(buf, sizeof(buf), fmt, ap);
  va_end(ap);
  return 0;
}
int main()
{
  return (mytest("Hello%d\n", 1));
}
===
/home/linuxbrew/.linuxbrew/Cellar/emscripten/4.0.13/libexec/emcc -O3 -D_LARGEFILE64_SOURCE=1 -o ztest47708 ztest47708.c
Checking for vsnprintf() in stdio.h... Yes.

=== ztest47708.c ===
#include <stdio.h>
#include <stdarg.h>
int mytest(const char *fmt, ...)
{
  int n;
  char buf[20];
  va_list ap;
  va_start(ap, fmt);
  n = vsnprintf(buf, sizeof(buf), fmt, ap);
  va_end(ap);
  return n;
}
int main()
{
  return (mytest("Hello%d\n", 1));
}
===
/home/linuxbrew/.linuxbrew/Cellar/emscripten/4.0.13/libexec/emcc -c -O3 -D_LARGEFILE64_SOURCE=1 ztest47708.c
Checking for return value of vsnprintf()... Yes.

=== ztest47708.c ===
#define ZLIB_INTERNAL __attribute__((visibility ("hidden")))
int ZLIB_INTERNAL foo;
int main()
{
  return 0;
}
===
/home/linuxbrew/.linuxbrew/Cellar/emscripten/4.0.13/libexec/emcc -c -O3 -D_LARGEFILE64_SOURCE=1 ztest47708.c
Checking for attribute(visibility) support... Yes.

ALL = static all64
AR = /home/linuxbrew/.linuxbrew/Cellar/emscripten/4.0.13/libexec/emar
ARFLAGS = rc
CC = /home/linuxbrew/.linuxbrew/Cellar/emscripten/4.0.13/libexec/emcc
CFLAGS = -O3 -D_LARGEFILE64_SOURCE=1 -DHAVE_HIDDEN
CPP =
EXE =
LDCONFIG = ldconfig
LDFLAGS =
LDSHARED = /home/linuxbrew/.linuxbrew/Cellar/emscripten/4.0.13/libexec/emcc
LDSHAREDLIBC = -lc
OBJC = $(OBJZ) $(OBJG)
PIC_OBJC = $(PIC_OBJZ) $(PIC_OBJG)
RANLIB = /home/linuxbrew/.linuxbrew/Cellar/emscripten/4.0.13/libexec/emranlib
SFLAGS = -O3 -fPIC -D_LARGEFILE64_SOURCE=1 -DHAVE_HIDDEN
SHAREDLIB =
SHAREDLIBM =
SHAREDLIBV =
STATICLIB = libz.a
TEST = all teststatic test64
VER = 1.3.1
SRCDIR =
exec_prefix = ${prefix}
includedir = ${prefix}/include
libdir = ${exec_prefix}/lib
mandir = ${prefix}/share/man
prefix = /home/isaac/src/superstruct/qemu/wasm-deps/target
sharedlibdir = ${libdir}
uname = Linux
--------------------


